#
# There is insufficient memory for the Java Runtime Environment to continue.
# Native memory allocation (mmap) failed to map 266338304 bytes for Failed to commit area from 0x0000000703e00000 to 0x0000000713c00000 of length 266338304.
# Possible reasons:
#   The system is out of physical RAM or swap space
#   The process is running with CompressedOops enabled, and the Java Heap may be blocking the growth of the native heap
# Possible solutions:
#   Reduce memory load on the system
#   Increase physical memory or swap space
#   Check if swap backing store is full
#   Decrease Java heap size (-Xmx/-Xms)
#   Decrease number of Java threads
#   Decrease Java thread stack sizes (-Xss)
#   Set larger code cache with -XX:ReservedCodeCacheSize=
# This output file may be truncated or incomplete.
#
#  Out of Memory Error (./open/src/hotspot/os/windows/os_windows.cpp:3298), pid=3504, tid=6476
#
# JRE version:  (11.0.24+7) (build )
# Java VM: Java HotSpot(TM) 64-Bit Server VM (11.0.24+7-LTS-271, mixed mode, sharing, tiered, compressed oops, g1 gc, windows-amd64)
# No core dump will be written. Minidumps are not enabled by default on client versions of Windows
#

---------------  S U M M A R Y ------------

Command Line: -javaagent:C:\Program Files\JetBrains\IntelliJ IDEA 2024.1.4\lib\idea_rt.jar=55837:C:\Program Files\JetBrains\IntelliJ IDEA 2024.1.4\bin -Dfile.encoding=UTF-8 org.example.CountingSort2

Host: Intel(R) Core(TM) i5-8365U CPU @ 1.60GHz, 8 cores, 15G,  Windows 11 , 64 bit Build 22621 (10.0.22621.3672)
Time: Mon Aug 12 15:28:56 2024 Eastern Daylight Time elapsed time: 0.033327 seconds (0d 0h 0m 0s)

---------------  T H R E A D  ---------------

Current thread (0x000001fa6debe000):  JavaThread "Unknown thread" [_thread_in_vm, id=6476, stack(0x0000009689700000,0x0000009689800000)]

Stack: [0x0000009689700000,0x0000009689800000]
Native frames: (J=compiled Java code, j=interpreted, Vv=VM code, C=native code)
V  [jvm.dll+0x657ffa]
V  [jvm.dll+0x799f7f]
V  [jvm.dll+0x79b649]
V  [jvm.dll+0x79bcf3]
V  [jvm.dll+0x255535]
V  [jvm.dll+0x655359]
V  [jvm.dll+0x64a175]
V  [jvm.dll+0x3100ad]
V  [jvm.dll+0x30ff12]
V  [jvm.dll+0x314c96]
V  [jvm.dll+0x358200]
V  [jvm.dll+0x357c72]
V  [jvm.dll+0x2eb1a8]
V  [jvm.dll+0x2ec2c5]
V  [jvm.dll+0x7734e7]
V  [jvm.dll+0x774d6f]
V  [jvm.dll+0x365369]
V  [jvm.dll+0x757b9f]
V  [jvm.dll+0x3d7167]
V  [jvm.dll+0x3d9291]
C  [jli.dll+0x52e7]
C  [ucrtbase.dll+0x29333]
C  [KERNEL32.DLL+0x1257d]
C  [ntdll.dll+0x5af28]


---------------  P R O C E S S  ---------------

Threads class SMR info:
_java_thread_list=0x000001fa6bcf4170, length=0, elements={
}

Java Threads: ( => current thread )

Other Threads:
  0x000001fa6ded3000 GCTaskThread "GC Thread#0" [stack: 0x0000009689800000,0x0000009689900000] [id=13844]
  0x000001fa6df2f800 ConcurrentGCThread "G1 Main Marker" [stack: 0x0000009689900000,0x0000009689a00000] [id=13280]
  0x000001fa6df31000 ConcurrentGCThread "G1 Conc#0" [stack: 0x0000009689a00000,0x0000009689b00000] [id=11676]

[error occurred during error reporting (printing all threads), id 0xc0000005, EXCEPTION_ACCESS_VIOLATION (0xc0000005) at pc=0x00007ffe5757b867]

VM state:not at safepoint (not fully initialized)

VM Mutex/Monitor currently owned by a thread:  ([mutex/lock_event])
[0x000001fa6debb680] Heap_lock - owner thread: 0x000001fa6debe000

Heap address: 0x0000000703e00000, size: 4034 MB, Compressed Oops mode: Non-zero based: 0x0000000703e00000
Narrow klass base: 0x0000000000000000, Narrow klass shift: 0

GC Heap History (0 events):
No events

Deoptimization events (0 events):
No events

Classes redefined (0 events):
No events

Internal exceptions (0 events):
No events

Events (0 events):
No events


Dynamic libraries:
0x00007ff7a3d10000 - 0x00007ff7a3d20000 	C:\Program Files\Java\jdk-11\bin\java.exe
0x00007ffeecff0000 - 0x00007ffeed207000 	C:\WINDOWS\SYSTEM32\ntdll.dll
0x00007ffeeb700000 - 0x00007ffeeb7c4000 	C:\WINDOWS\System32\KERNEL32.DLL
0x00007ffeea850000 - 0x00007ffeeabfd000 	C:\WINDOWS\System32\KERNELBASE.dll
0x00007ffeea540000 - 0x00007ffeea651000 	C:\WINDOWS\System32\ucrtbase.dll
0x00007ffec6c00000 - 0x00007ffec6c1b000 	C:\Program Files\Java\jdk-11\bin\VCRUNTIME140.dll
0x00007ffeca9f0000 - 0x00007ffecaa09000 	C:\Program Files\Java\jdk-11\bin\jli.dll
0x00007ffeecef0000 - 0x00007ffeecfa2000 	C:\WINDOWS\System32\ADVAPI32.dll
0x00007ffeeb800000 - 0x00007ffeeb8a7000 	C:\WINDOWS\System32\msvcrt.dll
0x00007ffeeb5b0000 - 0x00007ffeeb659000 	C:\WINDOWS\System32\sechost.dll
0x00007ffeea320000 - 0x00007ffeea348000 	C:\WINDOWS\System32\bcrypt.dll
0x00007ffeeccb0000 - 0x00007ffeecdc4000 	C:\WINDOWS\System32\RPCRT4.dll
0x00007ffeeca80000 - 0x00007ffeecc2e000 	C:\WINDOWS\System32\USER32.dll
0x00007ffeea470000 - 0x00007ffeea496000 	C:\WINDOWS\System32\win32u.dll
0x00007ffeeb7d0000 - 0x00007ffeeb7f9000 	C:\WINDOWS\System32\GDI32.dll
0x00007ffed0620000 - 0x00007ffed08b3000 	C:\WINDOWS\WinSxS\amd64_microsoft.windows.common-controls_6595b64144ccf1df_6.0.22621.3672_none_2713b9d173822955\COMCTL32.dll
0x00007ffeea350000 - 0x00007ffeea469000 	C:\WINDOWS\System32\gdi32full.dll
0x00007ffeea4a0000 - 0x00007ffeea53a000 	C:\WINDOWS\System32\msvcp_win.dll
0x00007ffee3280000 - 0x00007ffee328a000 	C:\WINDOWS\SYSTEM32\VERSION.dll
0x00007ffeecdd0000 - 0x00007ffeece01000 	C:\WINDOWS\System32\IMM32.DLL
0x00007ffee5220000 - 0x00007ffee522c000 	C:\Program Files\Java\jdk-11\bin\vcruntime140_1.dll
0x00007ffec0480000 - 0x00007ffec050e000 	C:\Program Files\Java\jdk-11\bin\msvcp140.dll
0x00007ffe57280000 - 0x00007ffe57de2000 	C:\Program Files\Java\jdk-11\bin\server\jvm.dll
0x00007ffeeb6e0000 - 0x00007ffeeb6e8000 	C:\WINDOWS\System32\PSAPI.DLL
0x00007ffecda50000 - 0x00007ffecda59000 	C:\WINDOWS\SYSTEM32\WSOCK32.dll
0x00007ffee6160000 - 0x00007ffee6194000 	C:\WINDOWS\SYSTEM32\WINMM.dll
0x00007ffeecc30000 - 0x00007ffeecca1000 	C:\WINDOWS\System32\WS2_32.dll
0x00007ffee9310000 - 0x00007ffee9328000 	C:\WINDOWS\SYSTEM32\kernel.appcore.dll
0x00007ffecd220000 - 0x00007ffecd230000 	C:\Program Files\Java\jdk-11\bin\verify.dll
0x00007ffee2c70000 - 0x00007ffee2ea2000 	C:\WINDOWS\SYSTEM32\DBGHELP.DLL
0x00007ffeead30000 - 0x00007ffeeb0b8000 	C:\WINDOWS\System32\combase.dll
0x00007ffeec910000 - 0x00007ffeec9e7000 	C:\WINDOWS\System32\OLEAUT32.dll
0x00007ffebbd30000 - 0x00007ffebbd62000 	C:\WINDOWS\SYSTEM32\dbgcore.DLL
0x00007ffeea660000 - 0x00007ffeea6db000 	C:\WINDOWS\System32\bcryptPrimitives.dll
0x00007ffec6b50000 - 0x00007ffec6b78000 	C:\Program Files\Java\jdk-11\bin\java.dll
0x00007ffeccce0000 - 0x00007ffecccea000 	C:\Program Files\Java\jdk-11\bin\jimage.dll
0x00007ffec8b90000 - 0x00007ffec8b9e000 	C:\Program Files\Java\jdk-11\bin\instrument.dll
0x00007ffec6ad0000 - 0x00007ffec6ae7000 	C:\Program Files\Java\jdk-11\bin\zip.dll

dbghelp: loaded successfully - version: 4.0.5 - missing functions: none
symbol engine: initialized successfully - sym options: 0x614 - pdb path: .;C:\Program Files\Java\jdk-11\bin;C:\WINDOWS\SYSTEM32;C:\WINDOWS\WinSxS\amd64_microsoft.windows.common-controls_6595b64144ccf1df_6.0.22621.3672_none_2713b9d173822955;C:\Program Files\Java\jdk-11\bin\server

VM Arguments:
jvm_args: -javaagent:C:\Program Files\JetBrains\IntelliJ IDEA 2024.1.4\lib\idea_rt.jar=55837:C:\Program Files\JetBrains\IntelliJ IDEA 2024.1.4\bin -Dfile.encoding=UTF-8 
java_command: org.example.CountingSort2
java_class_path (initial): C:\Users\User\Carrie\PracticingAlgorithmsJava\target\classes
Launcher Type: SUN_STANDARD

[Global flags]
     intx CICompilerCount                          = 4                                         {product} {ergonomic}
     uint ConcGCThreads                            = 2                                         {product} {ergonomic}
     uint G1ConcRefinementThreads                  = 8                                         {product} {ergonomic}
   size_t G1HeapRegionSize                         = 1048576                                   {product} {ergonomic}
    uintx GCDrainStackTargetSize                   = 64                                        {product} {ergonomic}
   size_t InitialHeapSize                          = 266338304                                 {product} {ergonomic}
   size_t MarkStackSize                            = 4194304                                   {product} {ergonomic}
   size_t MaxHeapSize                              = 4229955584                                {product} {ergonomic}
   size_t MinHeapDeltaBytes                        = 1048576                                   {product} {ergonomic}
    uintx NonNMethodCodeHeapSize                   = 5836300                                {pd product} {ergonomic}
    uintx NonProfiledCodeHeapSize                  = 122910970                              {pd product} {ergonomic}
    uintx ProfiledCodeHeapSize                     = 122910970                              {pd product} {ergonomic}
    uintx ReservedCodeCacheSize                    = 251658240                              {pd product} {ergonomic}
     bool SegmentedCodeCache                       = true                                      {product} {ergonomic}
     bool UseCompressedClassPointers               = true                                 {lp64_product} {ergonomic}
     bool UseCompressedOops                        = true                                 {lp64_product} {ergonomic}
     bool UseG1GC                                  = true                                      {product} {ergonomic}
     bool UseLargePagesIndividualAllocation        = false                                  {pd product} {ergonomic}

Logging:
Log output configuration:
 #0: stdout all=warning uptime,level,tags
 #1: stderr all=off uptime,level,tags

Environment Variables:
JAVA_HOME=C:\Program Files\Java\jdk-11
PATH=C:\Program Files\Common Files\Oracle\Java\javapath;C:\Program Files (x86)\Common Files\Oracle\Java\java8path;C:\Program Files (x86)\Common Files\Oracle\Java\javapath;C:\Python312\Scripts\;C:\Python312\;C:\WINDOWS\system32;C:\WINDOWS;C:\WINDOWS\System32\Wbem;C:\WINDOWS\System32\WindowsPowerShell\v1.0\;C:\WINDOWS\System32\OpenSSH\;C:\Program Files\nodejs\;C:\ProgramData\chocolatey\bin;C:\Program Files\Java\jdk-11\bin;C:\Users\User\Downloads\apache-maven-3.9.8-bin\apache-maven-3.9.8\bin;C:\Users\User\AppData\Local\Microsoft\WindowsApps;C:\Users\User\AppData\Local\Programs\Microsoft VS Code\bin;C:\Users\User\AppData\Local\Programs\Git\cmd;C:\Users\User\AppData\Roaming\npm
USERNAME=User
OS=Windows_NT
PROCESSOR_IDENTIFIER=Intel64 Family 6 Model 142 Stepping 12, GenuineIntel



---------------  S Y S T E M  ---------------

OS: Windows 11 , 64 bit Build 22621 (10.0.22621.3672)
Hyper-V role detected

CPU:total 8 (initial active 8) (4 cores per cpu, 2 threads per core) family 6 model 142 stepping 12 microcode 0xf8, cmov, cx8, fxsr, mmx, sse, sse2, sse3, ssse3, sse4.1, sse4.2, popcnt, avx, avx2, aes, clmul, erms, 3dnowpref, lzcnt, ht, tsc, tscinvbit, bmi1, bmi2, adx, fma

Memory: 4k page, system-wide physical 16131M (6373M free)
TotalPageFile size 17131M (AvailPageFile size 213M)
current process WorkingSet (physical memory assigned to process): 11M, peak: 11M
current process commit charge ("private bytes"): 60M, peak: 314M

vm_info: Java HotSpot(TM) 64-Bit Server VM (11.0.24+7-LTS-271) for windows-amd64 JRE (11.0.24+7-LTS-271), built on Jun  5 2024 06:54:11 by "mach5one" with MS VC++ 17.6 (VS2022)

END.
