#
# There is insufficient memory for the Java Runtime Environment to continue.
# Native memory allocation (mmap) failed to map 266338304 bytes. Error detail: G1 virtual space
# Possible reasons:
#   The system is out of physical RAM or swap space
#   This process is running with CompressedOops enabled, and the Java Heap may be blocking the growth of the native heap
# Possible solutions:
#   Reduce memory load on the system
#   Increase physical memory or swap space
#   Check if swap backing store is full
#   Decrease Java heap size (-Xmx/-Xms)
#   Decrease number of Java threads
#   Decrease Java thread stack sizes (-Xss)
#   Set larger code cache with -XX:ReservedCodeCacheSize=
#   JVM is running with Zero Based Compressed Oops mode in which the Java heap is
#     placed in the first 32GB address space. The Java Heap base address is the
#     maximum limit for the native heap growth. Please use -XX:HeapBaseMinAddress
#     to set the Java Heap base and to place the Java Heap above 32GB virtual address.
# This output file may be truncated or incomplete.
#
#  Out of Memory Error (os_windows.cpp:3825), pid=14496, tid=1176
#
# JRE version:  (17.0.11+1) (build )
# Java VM: OpenJDK 64-Bit Server VM (17.0.11+1-b1207.24, mixed mode, sharing, tiered, compressed oops, compressed class ptrs, g1 gc, windows-amd64)
# No core dump will be written. Minidumps are not enabled by default on client versions of Windows
#

---------------  S U M M A R Y ------------

Command Line: git4idea.http.GitAskPassApp Username for 'https://github.com': 

Host: Intel(R) Core(TM) i5-8365U CPU @ 1.60GHz, 8 cores, 15G,  Windows 11 , 64 bit Build 22621 (10.0.22621.3672)
Time: Mon Aug 12 15:32:00 2024 Eastern Daylight Time elapsed time: 0.028528 seconds (0d 0h 0m 0s)

---------------  T H R E A D  ---------------

Current thread (0x0000023b7048ddc0):  JavaThread "Unknown thread" [_thread_in_vm, id=1176, stack(0x0000006da1800000,0x0000006da1900000)]

Stack: [0x0000006da1800000,0x0000006da1900000]
Native frames: (J=compiled Java code, j=interpreted, Vv=VM code, C=native code)
V  [jvm.dll+0x6877f9]
V  [jvm.dll+0x8411aa]
V  [jvm.dll+0x842e2e]
V  [jvm.dll+0x843493]
V  [jvm.dll+0x249fdf]
V  [jvm.dll+0x6845c9]
V  [jvm.dll+0x678e7a]
V  [jvm.dll+0x30ab4b]
V  [jvm.dll+0x311ff6]
V  [jvm.dll+0x361a5e]
V  [jvm.dll+0x361c8f]
V  [jvm.dll+0x2e0978]
V  [jvm.dll+0x2e18e4]
V  [jvm.dll+0x811c71]
V  [jvm.dll+0x36f7c8]
V  [jvm.dll+0x7f05f6]
V  [jvm.dll+0x3f398f]
V  [jvm.dll+0x3f5541]
C  [jli.dll+0x528f]
C  [ucrtbase.dll+0x29333]
C  [KERNEL32.DLL+0x1257d]
C  [ntdll.dll+0x5af28]


---------------  P R O C E S S  ---------------

Threads class SMR info:
_java_thread_list=0x00007ffe5892efd8, length=0, elements={
}

Java Threads: ( => current thread )

Other Threads:
  0x0000023b72727010 GCTaskThread "GC Thread#0" [stack: 0x0000006da1900000,0x0000006da1a00000] [id=14748]
  0x0000023b72737b70 ConcurrentGCThread "G1 Main Marker" [stack: 0x0000006da1a00000,0x0000006da1b00000] [id=17048]
  0x0000023b72738590 ConcurrentGCThread "G1 Conc#0" [stack: 0x0000006da1b00000,0x0000006da1c00000] [id=16752]

[error occurred during error reporting (printing all threads), id 0xc0000005, EXCEPTION_ACCESS_VIOLATION (0xc0000005) at pc=0x00007ffe580e1547]

VM state: not at safepoint (not fully initialized)

VM Mutex/Monitor currently owned by a thread:  ([mutex/lock_event])
[0x0000023b7048a930] Heap_lock - owner thread: 0x0000023b7048ddc0

Heap address: 0x0000000703e00000, size: 4034 MB, Compressed Oops mode: Zero based, Oop shift amount: 3

CDS archive(s) mapped at: [0x0000000000000000-0x0000000000000000-0x0000000000000000), size 0, SharedBaseAddress: 0x0000000800000000, ArchiveRelocationMode: 1.
Narrow klass base: 0x0000000000000000, Narrow klass shift: 0, Narrow klass range: 0x0

GC Precious Log:
<Empty>

Heap:
 garbage-first heap   total 0K, used 0K [0x0000000703e00000, 0x0000000800000000)
  region size 2048K, 0 young (0K), 0 survivors (0K)
 Metaspace       used 0K, committed 0K, reserved 0K
  class space    used 0K, committed 0K, reserved 0K

Heap Regions: E=young(eden), S=young(survivor), O=old, HS=humongous(starts), HC=humongous(continues), CS=collection set, F=free, OA=open archive, CA=closed archive, TAMS=top-at-mark-start (previous, next)

Card table byte_map: [0x0000023b76960000,0x0000023b77150000] _byte_map_base: 0x0000023b73141000

Marking Bits (Prev, Next): (CMBitMap*) 0x0000023b72727630, (CMBitMap*) 0x0000023b72727670
 Prev Bits: [0x0000023b77940000, 0x0000023b7b848000)
 Next Bits: [0x0000023b7b850000, 0x0000023b7f758000)

GC Heap History (0 events):
No events

Dll operation events (1 events):
Event: 0.018 Loaded shared library C:\Program Files\JetBrains\IntelliJ IDEA 2024.1.4\jbr\bin\java.dll

Deoptimization events (0 events):
No events

Classes unloaded (0 events):
No events

Classes redefined (0 events):
No events

Internal exceptions (0 events):
No events

VM Operations (0 events):
No events

Events (0 events):
No events


Dynamic libraries:
0x00007ff709450000 - 0x00007ff70945a000 	C:\Program Files\JetBrains\IntelliJ IDEA 2024.1.4\jbr\bin\java.exe
0x00007ffeecff0000 - 0x00007ffeed207000 	C:\WINDOWS\SYSTEM32\ntdll.dll
0x00007ffeeb700000 - 0x00007ffeeb7c4000 	C:\WINDOWS\System32\KERNEL32.DLL
0x00007ffeea850000 - 0x00007ffeeabfd000 	C:\WINDOWS\System32\KERNELBASE.dll
0x00007ffeea540000 - 0x00007ffeea651000 	C:\WINDOWS\System32\ucrtbase.dll
0x00007ffecb5f0000 - 0x00007ffecb607000 	C:\Program Files\JetBrains\IntelliJ IDEA 2024.1.4\jbr\bin\jli.dll
0x00007ffec42f0000 - 0x00007ffec430b000 	C:\Program Files\JetBrains\IntelliJ IDEA 2024.1.4\jbr\bin\VCRUNTIME140.dll
0x00007ffeeca80000 - 0x00007ffeecc2e000 	C:\WINDOWS\System32\USER32.dll
0x00007ffed0620000 - 0x00007ffed08b3000 	C:\WINDOWS\WinSxS\amd64_microsoft.windows.common-controls_6595b64144ccf1df_6.0.22621.3672_none_2713b9d173822955\COMCTL32.dll
0x00007ffeea470000 - 0x00007ffeea496000 	C:\WINDOWS\System32\win32u.dll
0x00007ffeeb800000 - 0x00007ffeeb8a7000 	C:\WINDOWS\System32\msvcrt.dll
0x00007ffeeb7d0000 - 0x00007ffeeb7f9000 	C:\WINDOWS\System32\GDI32.dll
0x00007ffeea350000 - 0x00007ffeea469000 	C:\WINDOWS\System32\gdi32full.dll
0x00007ffeea4a0000 - 0x00007ffeea53a000 	C:\WINDOWS\System32\msvcp_win.dll
0x00007ffeecdd0000 - 0x00007ffeece01000 	C:\WINDOWS\System32\IMM32.DLL
0x00007ffec8b90000 - 0x00007ffec8b9c000 	C:\Program Files\JetBrains\IntelliJ IDEA 2024.1.4\jbr\bin\vcruntime140_1.dll
0x00007ffec0350000 - 0x00007ffec03dd000 	C:\Program Files\JetBrains\IntelliJ IDEA 2024.1.4\jbr\bin\msvcp140.dll
0x00007ffe57df0000 - 0x00007ffe58a73000 	C:\Program Files\JetBrains\IntelliJ IDEA 2024.1.4\jbr\bin\server\jvm.dll
0x00007ffeecef0000 - 0x00007ffeecfa2000 	C:\WINDOWS\System32\ADVAPI32.dll
0x00007ffeeb5b0000 - 0x00007ffeeb659000 	C:\WINDOWS\System32\sechost.dll
0x00007ffeea320000 - 0x00007ffeea348000 	C:\WINDOWS\System32\bcrypt.dll
0x00007ffeeccb0000 - 0x00007ffeecdc4000 	C:\WINDOWS\System32\RPCRT4.dll
0x00007ffecda50000 - 0x00007ffecda59000 	C:\WINDOWS\SYSTEM32\WSOCK32.dll
0x00007ffeecc30000 - 0x00007ffeecca1000 	C:\WINDOWS\System32\WS2_32.dll
0x00007ffeea1e0000 - 0x00007ffeea22d000 	C:\WINDOWS\SYSTEM32\POWRPROF.dll
0x00007ffee6160000 - 0x00007ffee6194000 	C:\WINDOWS\SYSTEM32\WINMM.dll
0x00007ffee3280000 - 0x00007ffee328a000 	C:\WINDOWS\SYSTEM32\VERSION.dll
0x00007ffeea1c0000 - 0x00007ffeea1d3000 	C:\WINDOWS\SYSTEM32\UMPDC.dll
0x00007ffee9310000 - 0x00007ffee9328000 	C:\WINDOWS\SYSTEM32\kernel.appcore.dll
0x00007ffee5110000 - 0x00007ffee511a000 	C:\Program Files\JetBrains\IntelliJ IDEA 2024.1.4\jbr\bin\jimage.dll
0x00007ffee2c70000 - 0x00007ffee2ea2000 	C:\WINDOWS\SYSTEM32\DBGHELP.DLL
0x00007ffeead30000 - 0x00007ffeeb0b8000 	C:\WINDOWS\System32\combase.dll
0x00007ffeec910000 - 0x00007ffeec9e7000 	C:\WINDOWS\System32\OLEAUT32.dll
0x00007ffebbd30000 - 0x00007ffebbd62000 	C:\WINDOWS\SYSTEM32\dbgcore.DLL
0x00007ffeea660000 - 0x00007ffeea6db000 	C:\WINDOWS\System32\bcryptPrimitives.dll
0x00007ffed4c00000 - 0x00007ffed4c25000 	C:\Program Files\JetBrains\IntelliJ IDEA 2024.1.4\jbr\bin\java.dll

dbghelp: loaded successfully - version: 4.0.5 - missing functions: none
symbol engine: initialized successfully - sym options: 0x614 - pdb path: .;C:\Program Files\JetBrains\IntelliJ IDEA 2024.1.4\jbr\bin;C:\WINDOWS\SYSTEM32;C:\WINDOWS\WinSxS\amd64_microsoft.windows.common-controls_6595b64144ccf1df_6.0.22621.3672_none_2713b9d173822955;C:\Program Files\JetBrains\IntelliJ IDEA 2024.1.4\jbr\bin\server

VM Arguments:
java_command: git4idea.http.GitAskPassApp Username for 'https://github.com': 
java_class_path (initial): C:/Program Files/JetBrains/IntelliJ IDEA 2024.1.4/plugins/vcs-git/lib/git4idea-rt.jar;C:/Program Files/JetBrains/IntelliJ IDEA 2024.1.4/lib/externalProcess-rt.jar
Launcher Type: SUN_STANDARD

[Global flags]
     intx CICompilerCount                          = 4                                         {product} {ergonomic}
     uint ConcGCThreads                            = 2                                         {product} {ergonomic}
     uint G1ConcRefinementThreads                  = 8                                         {product} {ergonomic}
   size_t G1HeapRegionSize                         = 2097152                                   {product} {ergonomic}
    uintx GCDrainStackTargetSize                   = 64                                        {product} {ergonomic}
   size_t InitialHeapSize                          = 266338304                                 {product} {ergonomic}
   size_t MarkStackSize                            = 4194304                                   {product} {ergonomic}
   size_t MaxHeapSize                              = 4229955584                                {product} {ergonomic}
   size_t MinHeapDeltaBytes                        = 2097152                                   {product} {ergonomic}
   size_t MinHeapSize                              = 8388608                                   {product} {ergonomic}
    uintx NonNMethodCodeHeapSize                   = 5839372                                {pd product} {ergonomic}
    uintx NonProfiledCodeHeapSize                  = 122909434                              {pd product} {ergonomic}
    uintx ProfiledCodeHeapSize                     = 122909434                              {pd product} {ergonomic}
    uintx ReservedCodeCacheSize                    = 251658240                              {pd product} {ergonomic}
     bool SegmentedCodeCache                       = true                                      {product} {ergonomic}
   size_t SoftMaxHeapSize                          = 4229955584                             {manageable} {ergonomic}
     bool UseCompressedClassPointers               = true                           {product lp64_product} {ergonomic}
     bool UseCompressedOops                        = true                           {product lp64_product} {ergonomic}
     bool UseG1GC                                  = true                                      {product} {ergonomic}
     bool UseLargePagesIndividualAllocation        = false                                  {pd product} {ergonomic}

Logging:
Log output configuration:
 #0: stdout all=warning uptime,level,tags
 #1: stderr all=off uptime,level,tags

Environment Variables:
JAVA_HOME=C:\Program Files\Java\jdk-11
PATH=C:/Users/User/AppData/Local/Programs/Git/mingw64/libexec/git-core;C:/Users/User/AppData/Local/Programs/Git/mingw64/libexec/git-core;C:\Users\User\AppData\Local\Programs\Git\mingw64\bin;C:\Users\User\AppData\Local\Programs\Git\usr\bin;C:\Users\User\bin;C:\Program Files\Common Files\Oracle\Java\javapath;C:\Program Files (x86)\Common Files\Oracle\Java\java8path;C:\Program Files (x86)\Common Files\Oracle\Java\javapath;C:\Python312\Scripts\;C:\Python312\;C:\WINDOWS\system32;C:\WINDOWS;C:\WINDOWS\System32\Wbem;C:\WINDOWS\System32\WindowsPowerShell\v1.0\;C:\WINDOWS\System32\OpenSSH\;C:\Program Files\nodejs\;C:\ProgramData\chocolatey\bin;C:\Program Files\Java\jdk-11\bin;C:\Users\User\Downloads\apache-maven-3.9.8-bin\apache-maven-3.9.8\bin;C:\Users\User\AppData\Local\Microsoft\WindowsApps;C:\Users\User\AppData\Local\Programs\Microsoft VS Code\bin;C:\Users\User\AppData\Local\Programs\Git\cmd;C:\Users\User\AppData\Roaming\npm
USERNAME=User
DISPLAY=:0.0
LC_ALL=en_US.UTF-8
TERM=xterm-256color
TMPDIR=C:\Users\User\AppData\Local\Temp
OS=Windows_NT
PROCESSOR_IDENTIFIER=Intel64 Family 6 Model 142 Stepping 12, GenuineIntel
TMP=C:\Users\User\AppData\Local\Temp
TEMP=C:\Users\User\AppData\Local\Temp



Periodic native trim disabled

JNI global refs:
JNI global refs: 0, weak refs: 0

JNI global refs memory usage: 0, weak refs: 0

Process memory usage:
Resident Set Size: 11692K (0% of 16519124K total physical memory with 6406980K free physical memory)

OOME stack traces (most recent first):
Classloader memory used:


---------------  S Y S T E M  ---------------

OS:
 Windows 11 , 64 bit Build 22621 (10.0.22621.3672)
OS uptime: 1 days 5:31 hours
Hyper-V role detected

CPU: total 8 (initial active 8) (4 cores per cpu, 2 threads per core) family 6 model 142 stepping 12 microcode 0xf8, cx8, cmov, fxsr, ht, mmx, 3dnowpref, sse, sse2, sse3, ssse3, sse4.1, sse4.2, popcnt, lzcnt, tsc, tscinvbit, avx, avx2, aes, erms, clmul, bmi1, bmi2, adx, fma, vzeroupper, clflush, clflushopt, hv
Processor Information for all 8 processors :
  Max Mhz: 1896, Current Mhz: 798, Mhz Limit: 796

Memory: 4k page, system-wide physical 16131M (6256M free)
TotalPageFile size 17131M (AvailPageFile size 146M)
current process WorkingSet (physical memory assigned to process): 11M, peak: 11M
current process commit charge ("private bytes"): 60M, peak: 314M

vm_info: OpenJDK 64-Bit Server VM (17.0.11+1-b1207.24) for windows-amd64 JRE (17.0.11+1-b1207.24), built on 2024-05-15 by "builduser" with MS VC++ 16.10 / 16.11 (VS2019)

END.
